<?xml version="1.0" encoding="UTF-8"?>
<!-- Generated by org.testng.reporters.JUnitReportReporter -->
<testsuite skipped="0" hostname="GGN000190162001" name="test.HomePageTest" tests="1" failures="0" timestamp="15 Oct 2020 15:44:18 GMT" time="6.666" errors="0">
  <testcase name="bookTicket" time="6.666" classname="test.HomePageTest"/>
</testsuite> <!-- test.HomePageTest -->
