<?xml version="1.0" encoding="UTF-8"?>
<!-- Generated by org.testng.reporters.JUnitReportReporter -->
<testsuite skipped="0" hostname="GGN000190162001" name="test.HomePageTest" tests="2" failures="0" timestamp="24 Oct 2020 08:38:42 GMT" time="7.827" errors="0">
  <testcase name="checkHeaderComponents" time="3.498" classname="test.HomePageTest"/>
  <testcase name="getTitleOfHomePage" time="4.329" classname="test.HomePageTest"/>
</testsuite> <!-- test.HomePageTest -->
