<?xml version="1.0" encoding="UTF-8"?>
<!-- Generated by org.testng.reporters.JUnitReportReporter -->
<testsuite skipped="0" hostname="GGN000190162001" name="test.BusHireTest" tests="1" failures="0" timestamp="31 Oct 2020 06:41:44 GMT" time="4.119" errors="0">
  <testcase name="getTitle" time="4.119" classname="test.BusHireTest"/>
</testsuite> <!-- test.BusHireTest -->
