<?xml version="1.0" encoding="UTF-8"?>
<!-- Generated by org.testng.reporters.JUnitReportReporter -->
<testsuite skipped="0" hostname="GGN000190162001" name="test.HomePageTest" tests="1" failures="0" timestamp="26 Oct 2020 16:08:16 GMT" time="17.329" errors="0">
  <testcase name="bookTicket" time="17.329" classname="test.HomePageTest"/>
</testsuite> <!-- test.HomePageTest -->
